[debug] [2023-06-10T10:30:02.834Z] ----------------------------------------------------------------------
[debug] [2023-06-10T10:30:02.847Z] Command:       C:\Program Files\nodejs\node.exe C:\Users\Admin\AppData\Roaming\npm\node_modules\firebase-tools\lib\bin\firebase.js init
[debug] [2023-06-10T10:30:02.849Z] CLI Version:   12.3.1
[debug] [2023-06-10T10:30:02.851Z] Platform:      win32
[debug] [2023-06-10T10:30:02.852Z] Node Version:  v19.7.0
[debug] [2023-06-10T10:30:02.852Z] Time:          Sat Jun 10 2023 12:30:02 GMT+0200 (czas środkowoeuropejski letni)
[debug] [2023-06-10T10:30:02.853Z] ----------------------------------------------------------------------
[debug] 
[debug] [2023-06-10T10:30:02.866Z] >>> [apiv2][query] GET https://firebase-public.firebaseio.com/cli.json [none]
[debug] [2023-06-10T10:30:03.411Z] > command requires scopes: ["email","openid","https://www.googleapis.com/auth/cloudplatformprojects.readonly","https://www.googleapis.com/auth/firebase","https://www.googleapis.com/auth/cloud-platform"]
[debug] [2023-06-10T10:30:03.414Z] > authorizing via signed-in user (paulinadorsz91@gmail.com)
[info] 
     ######## #### ########  ######## ########     ###     ######  ########
     ##        ##  ##     ## ##       ##     ##  ##   ##  ##       ##
     ######    ##  ########  ######   ########  #########  ######  ######
     ##        ##  ##    ##  ##       ##     ## ##     ##       ## ##
     ##       #### ##     ## ######## ########  ##     ##  ######  ########

You're about to initialize a Firebase project in this directory:

  C:\Users\Admin\OneDrive\Pulpit\NotesApp

[debug] [2023-06-10T10:30:03.968Z] <<< [apiv2][status] GET https://firebase-public.firebaseio.com/cli.json 200
[debug] [2023-06-10T10:30:03.970Z] <<< [apiv2][body] GET https://firebase-public.firebaseio.com/cli.json {"cloudBuildErrorAfter":1594252800000,"cloudBuildWarnAfter":1590019200000,"defaultNode10After":1594252800000,"minVersion":"3.0.5","node8DeploysDisabledAfter":1613390400000,"node8RuntimeDisabledAfter":1615809600000,"node8WarnAfter":1600128000000}
